13.03.2026 0:07:23	Этот журнал содержит сведения об операции импорта схемы в проект "DB" на компьютере "WIN-00H88BVJBCT", выполненной пользователем "user".
13.03.2026 0:07:24	Импорт схемы базы данных начат.
13.03.2026 0:07:24	Идет сбор учетных данных для базы данных
13.03.2026 0:07:24	Идет сбор параметров базы данных
13.03.2026 0:07:24	Собирается параметр конфигурации области универсальной базы данных
13.03.2026 0:07:24	Идет сбор пользователей
13.03.2026 0:07:24	Идет сбор ролей
13.03.2026 0:07:24	Идет сбор ролей приложений
13.03.2026 0:07:24	Идет сбор членств ролей
13.03.2026 0:07:24	Идет сбор файловых групп
13.03.2026 0:07:24	Идет сбор полнотекстовых каталогов
13.03.2026 0:07:24	Идет сбор сборок
13.03.2026 0:07:24	Идет сбор сертификатов
13.03.2026 0:07:24	Идет сбор асимметричных ключей
13.03.2026 0:07:24	Идет сбор симметричных ключей
13.03.2026 0:07:24	Идет сбор зашифрованных симметричных ключей
13.03.2026 0:07:24	Идет сбор схем
13.03.2026 0:07:24	Идет сбор коллекции схем XML
13.03.2026 0:07:24	Идет сбор определяемых пользователем типов данных
13.03.2026 0:07:24	Идет сбор определяемых пользователем типов
13.03.2026 0:07:24	Идет сбор табличных типов
13.03.2026 0:07:24	Сбор уникальных ключей для табличных типов
13.03.2026 0:07:24	Идет сбор первичных ключей для табличных типов
13.03.2026 0:07:24	Сбор индексов для табличных типов
13.03.2026 0:07:24	Идет сбор проверочных ограничений для табличных типов
13.03.2026 0:07:24	Идет сбор ограничений по умолчанию для табличных типов
13.03.2026 0:07:24	Идет сбор функций секционирования
13.03.2026 0:07:24	Идет сбор схем секционирования
13.03.2026 0:07:24	Идет сбор функций
13.03.2026 0:07:24	Сбор зашифрованных функций
13.03.2026 0:07:24	Идет сбор статистических выражений
13.03.2026 0:07:24	Идет сбор процедур
13.03.2026 0:07:24	Сбор зашифрованных процедур
13.03.2026 0:07:24	Идет сбор таблиц
13.03.2026 0:07:24	Идет сбор первичных ключей
13.03.2026 0:07:24	Идет сбор ограничений уникальности
13.03.2026 0:07:24	Идет сбор внешних ключей
13.03.2026 0:07:24	Идет сбор ограничений по умолчанию
13.03.2026 0:07:24	Идет сбор проверочных ограничений
13.03.2026 0:07:24	Идет сбор представлений
13.03.2026 0:07:24	Сбор зашифрованных представлений
13.03.2026 0:07:24	Идет сбор индексов
13.03.2026 0:07:24	Идет сбор статистики
13.03.2026 0:07:24	Идет сбор списков стоп-слов полнотекстовых индексов
13.03.2026 0:07:24	Сбор списков свойств поиска
13.03.2026 0:07:24	Сбор свойств поиска
13.03.2026 0:07:24	Идет сбор полнотекстовых индексов
13.03.2026 0:07:24	Сбор индексов хранилища столбцов
13.03.2026 0:07:24	Идет сбор пространственных индексов
13.03.2026 0:07:24	Идет сбор XML-индексов
13.03.2026 0:07:24	Сбор селективных XML-индексов
13.03.2026 0:07:24	Сбор зашифрованных триггеров
13.03.2026 0:07:24	Идет сбор триггеров
13.03.2026 0:07:24	Идет сбор зашифрованных триггеров и триггеров ddl clr
13.03.2026 0:07:24	Идет сбор триггеров ddl
13.03.2026 0:07:24	Создание ограничений границы
13.03.2026 0:07:24	Идет сбор синонимов
13.03.2026 0:07:24	Идет сбор значений по умолчанию
13.03.2026 0:07:24	Идет сбор привязок uddt ограничений данных
13.03.2026 0:07:24	Идет сбор правил
13.03.2026 0:07:24	Идет сбор привязок uddt ограничений данных
13.03.2026 0:07:24	Идет сбор типов сообщений
13.03.2026 0:07:24	Идет сбор списков ожидания
13.03.2026 0:07:24	Идет сбор контрактов
13.03.2026 0:07:24	Идет сбор служб
13.03.2026 0:07:24	Идет сбор уведомлений о событиях
13.03.2026 0:07:24	Идет сбор привязок удаленных служб
13.03.2026 0:07:24	Идет сбор приоритетов брокера
13.03.2026 0:07:24	Идет сбор подписей
13.03.2026 0:07:24	Сбор параметров сжатия
13.03.2026 0:07:24	Сбор типов последовательностей
13.03.2026 0:07:24	Идет сбор политик безопасности
13.03.2026 0:07:24	Сбор ключей шифрования столбцов
13.03.2026 0:07:24	Сбор главных ключей столбцов
13.03.2026 0:07:24	Выполняется сбор внешних источников данных
13.03.2026 0:07:24	Выполняется сбор внешних форматов файлов
13.03.2026 0:07:24	Выполняется сбор внешних таблиц
13.03.2026 0:07:24	Сбор параметров сжатия индекса XML
13.03.2026 0:07:24	Идет сбор расширенных свойств
13.03.2026 0:07:24	Идет сбор сборок
13.03.2026 0:07:24	Идет сбор учетных данных
13.03.2026 0:07:24	Идет сбор имен входа
13.03.2026 0:07:24	Идет сбор аудитов сервера
13.03.2026 0:07:24	Выполняется проверка проекта на наличие повторяющихся элементов
13.03.2026 0:07:24	Обработка повторяющегося элемента завершена
13.03.2026 0:07:24	Импорт базы данных завершен.
13.03.2026 0:07:24	summary операции импорта была сохранена по следующему пути: C:\Users\user\source\repos\tg-bot-KRP\DB\Журналы импорта схем\DB_20260312090723.log
13.03.2026 0:07:24	Для продолжения нажмите кнопку ''Готово''...
